0 info it worked if it ends with ok
1 verbose cli [ '/usr/local/bin/node',
1 verbose cli   '/usr/local/bin/npm',
1 verbose cli   'install',
1 verbose cli   '-g',
1 verbose cli   'generator-configs',
1 verbose cli   'generator-nm',
1 verbose cli   'generator-project-stub' ]
2 info using npm@1.4.28
3 info using node@v0.10.35
4 verbose cache add [ 'generator-configs', null ]
5 verbose cache add name=undefined spec="generator-configs" args=["generator-configs",null]
6 verbose parsed url { protocol: null,
6 verbose parsed url   slashes: null,
6 verbose parsed url   auth: null,
6 verbose parsed url   host: null,
6 verbose parsed url   port: null,
6 verbose parsed url   hostname: null,
6 verbose parsed url   hash: null,
6 verbose parsed url   search: null,
6 verbose parsed url   query: null,
6 verbose parsed url   pathname: 'generator-configs',
6 verbose parsed url   path: 'generator-configs',
6 verbose parsed url   href: 'generator-configs' }
7 verbose cache add [ 'generator-nm', null ]
8 verbose cache add name=undefined spec="generator-nm" args=["generator-nm",null]
9 verbose parsed url { protocol: null,
9 verbose parsed url   slashes: null,
9 verbose parsed url   auth: null,
9 verbose parsed url   host: null,
9 verbose parsed url   port: null,
9 verbose parsed url   hostname: null,
9 verbose parsed url   hash: null,
9 verbose parsed url   search: null,
9 verbose parsed url   query: null,
9 verbose parsed url   pathname: 'generator-nm',
9 verbose parsed url   path: 'generator-nm',
9 verbose parsed url   href: 'generator-nm' }
10 verbose cache add [ 'generator-project-stub', null ]
11 verbose cache add name=undefined spec="generator-project-stub" args=["generator-project-stub",null]
12 verbose parsed url { protocol: null,
12 verbose parsed url   slashes: null,
12 verbose parsed url   auth: null,
12 verbose parsed url   host: null,
12 verbose parsed url   port: null,
12 verbose parsed url   hostname: null,
12 verbose parsed url   hash: null,
12 verbose parsed url   search: null,
12 verbose parsed url   query: null,
12 verbose parsed url   pathname: 'generator-project-stub',
12 verbose parsed url   path: 'generator-project-stub',
12 verbose parsed url   href: 'generator-project-stub' }
13 silly lockFile aa409042-generator-configs generator-configs
14 verbose lock generator-configs /Users/floatdrop/.npm/aa409042-generator-configs.lock
15 silly lockFile b3d32388-generator-nm generator-nm
16 verbose lock generator-nm /Users/floatdrop/.npm/b3d32388-generator-nm.lock
17 silly lockFile f05af27b-generator-project-stub generator-project-stub
18 verbose lock generator-project-stub /Users/floatdrop/.npm/f05af27b-generator-project-stub.lock
19 silly lockFile b3d32388-generator-nm generator-nm
20 silly lockFile b3d32388-generator-nm generator-nm
21 verbose addNamed [ 'generator-nm', '' ]
22 verbose addNamed [ null, '*' ]
23 silly lockFile e3cb20bb-generator-nm generator-nm@
24 verbose lock generator-nm@ /Users/floatdrop/.npm/e3cb20bb-generator-nm.lock
25 silly lockFile f05af27b-generator-project-stub generator-project-stub
26 silly lockFile f05af27b-generator-project-stub generator-project-stub
27 silly lockFile aa409042-generator-configs generator-configs
28 silly lockFile aa409042-generator-configs generator-configs
29 verbose addNamed [ 'generator-project-stub', '' ]
30 verbose addNamed [ null, '*' ]
31 silly lockFile 258bded3-generator-project-stub generator-project-stub@
32 verbose lock generator-project-stub@ /Users/floatdrop/.npm/258bded3-generator-project-stub.lock
33 silly addNameRange { name: 'generator-nm', range: '*', hasData: false }
34 verbose addNamed [ 'generator-configs', '' ]
35 verbose addNamed [ null, '*' ]
36 silly lockFile d4c0238d-generator-configs generator-configs@
37 verbose lock generator-configs@ /Users/floatdrop/.npm/d4c0238d-generator-configs.lock
38 silly addNameRange { name: 'generator-project-stub', range: '*', hasData: false }
39 verbose request where is /generator-nm
40 verbose request registry https://registry.npmjs.org/
41 verbose request id bbcc29bcb3616abe
42 verbose url raw /generator-nm
43 verbose url resolving [ 'https://registry.npmjs.org/', './generator-nm' ]
44 verbose url resolved https://registry.npmjs.org/generator-nm
45 verbose request where is https://registry.npmjs.org/generator-nm
46 info trying registry request attempt 1 at 18:04:31
47 http GET https://registry.npmjs.org/generator-nm
48 verbose request where is /generator-project-stub
49 verbose request registry https://registry.npmjs.org/
50 verbose url raw /generator-project-stub
51 verbose url resolving [ 'https://registry.npmjs.org/', './generator-project-stub' ]
52 verbose url resolved https://registry.npmjs.org/generator-project-stub
53 verbose request where is https://registry.npmjs.org/generator-project-stub
54 info trying registry request attempt 1 at 18:04:31
55 http GET https://registry.npmjs.org/generator-project-stub
56 silly addNameRange { name: 'generator-configs', range: '*', hasData: false }
57 verbose request where is /generator-configs
58 verbose request registry https://registry.npmjs.org/
59 verbose url raw /generator-configs
60 verbose url resolving [ 'https://registry.npmjs.org/', './generator-configs' ]
61 verbose url resolved https://registry.npmjs.org/generator-configs
62 verbose request where is https://registry.npmjs.org/generator-configs
63 info trying registry request attempt 1 at 18:04:31
64 http GET https://registry.npmjs.org/generator-configs
65 http 200 https://registry.npmjs.org/generator-nm
66 silly registry.get cb [ 200,
66 silly registry.get   { date: 'Tue, 14 Apr 2015 13:04:31 GMT',
66 silly registry.get     server: 'CouchDB/1.5.0 (Erlang OTP/R16B03)',
66 silly registry.get     etag: '"P6FC1P1OX0O5PFMDB4O3TOGO"',
66 silly registry.get     'content-type': 'application/json',
66 silly registry.get     'cache-control': 'max-age=60',
66 silly registry.get     'content-length': '3901',
66 silly registry.get     'accept-ranges': 'bytes',
66 silly registry.get     via: '1.1 varnish',
66 silly registry.get     age: '0',
66 silly registry.get     'x-served-by': 'cache-ams4146-AMS',
66 silly registry.get     'x-cache': 'MISS',
66 silly registry.get     'x-cache-hits': '0',
66 silly registry.get     'x-timer': 'S1429016671.773864,VS0,VE94',
66 silly registry.get     vary: 'Accept',
66 silly registry.get     'keep-alive': 'timeout=10, max=50',
66 silly registry.get     connection: 'Keep-Alive' } ]
67 silly addNameRange number 2 { name: 'generator-nm', range: '*', hasData: true }
68 silly addNameRange versions [ 'generator-nm', [ '1.0.0', '1.1.0' ] ]
69 verbose addNamed [ 'generator-nm', '1.1.0' ]
70 verbose addNamed [ '1.1.0', '1.1.0' ]
71 silly lockFile 171006f9-generator-nm-1-1-0 generator-nm@1.1.0
72 verbose lock generator-nm@1.1.0 /Users/floatdrop/.npm/171006f9-generator-nm-1-1-0.lock
73 silly lockFile 3a8e84e3-erator-nm-generator-nm-1-1-0-tgz https://registry.npmjs.org/generator-nm/-/generator-nm-1.1.0.tgz
74 verbose lock https://registry.npmjs.org/generator-nm/-/generator-nm-1.1.0.tgz /Users/floatdrop/.npm/3a8e84e3-erator-nm-generator-nm-1-1-0-tgz.lock
75 verbose addRemoteTarball [ 'https://registry.npmjs.org/generator-nm/-/generator-nm-1.1.0.tgz',
75 verbose addRemoteTarball   '70790e99b514835a99b3b09544e3eb8e9e8b4196' ]
76 info retry fetch attempt 1 at 18:04:31
77 verbose fetch to= /var/folders/nf/3sdq5zp50gz7bh4p4qmy14nmnrg5pw/T/npm-70044-8LaJIPkD/registry.npmjs.org/generator-nm/-/generator-nm-1.1.0.tgz
78 http GET https://registry.npmjs.org/generator-nm/-/generator-nm-1.1.0.tgz
79 http 200 https://registry.npmjs.org/generator-configs
80 silly registry.get cb [ 200,
80 silly registry.get   { date: 'Tue, 14 Apr 2015 13:04:31 GMT',
80 silly registry.get     server: 'CouchDB/1.5.0 (Erlang OTP/R16B03)',
80 silly registry.get     etag: '"6EK9UR55VSO3C8P7A91ICCI9U"',
80 silly registry.get     'content-type': 'application/json',
80 silly registry.get     'cache-control': 'max-age=60',
80 silly registry.get     'content-length': '3817',
80 silly registry.get     'accept-ranges': 'bytes',
80 silly registry.get     via: '1.1 varnish',
80 silly registry.get     age: '0',
80 silly registry.get     'x-served-by': 'cache-ams4146-AMS',
80 silly registry.get     'x-cache': 'MISS',
80 silly registry.get     'x-cache-hits': '0',
80 silly registry.get     'x-timer': 'S1429016671.725641,VS0,VE164',
80 silly registry.get     vary: 'Accept',
80 silly registry.get     'keep-alive': 'timeout=10, max=50',
80 silly registry.get     connection: 'Keep-Alive' } ]
81 silly addNameRange number 2 { name: 'generator-configs', range: '*', hasData: true }
82 silly addNameRange versions [ 'generator-configs', [ '0.0.5' ] ]
83 verbose addNamed [ 'generator-configs', '0.0.5' ]
84 verbose addNamed [ '0.0.5', '0.0.5' ]
85 silly lockFile a9dc7aa1-generator-configs-0-0-5 generator-configs@0.0.5
86 verbose lock generator-configs@0.0.5 /Users/floatdrop/.npm/a9dc7aa1-generator-configs-0-0-5.lock
87 silly lockFile cb7316c4-figs-generator-configs-0-0-5-tgz https://registry.npmjs.org/generator-configs/-/generator-configs-0.0.5.tgz
88 verbose lock https://registry.npmjs.org/generator-configs/-/generator-configs-0.0.5.tgz /Users/floatdrop/.npm/cb7316c4-figs-generator-configs-0-0-5-tgz.lock
89 verbose addRemoteTarball [ 'https://registry.npmjs.org/generator-configs/-/generator-configs-0.0.5.tgz',
89 verbose addRemoteTarball   '6c6e0b372a3480dccd7908f7d3791585acebb0a0' ]
90 info retry fetch attempt 1 at 18:04:31
91 verbose fetch to= /var/folders/nf/3sdq5zp50gz7bh4p4qmy14nmnrg5pw/T/npm-70044-8LaJIPkD/registry.npmjs.org/generator-configs/-/generator-configs-0.0.5.tgz
92 http GET https://registry.npmjs.org/generator-configs/-/generator-configs-0.0.5.tgz
93 http 404 https://registry.npmjs.org/generator-project-stub
94 silly registry.get cb [ 404,
94 silly registry.get   { date: 'Tue, 14 Apr 2015 13:04:31 GMT',
94 silly registry.get     server: 'CouchDB/1.5.0 (Erlang OTP/R16B03)',
94 silly registry.get     etag: '"1QUOCRTHV3B5TI4QOMQD438F0"',
94 silly registry.get     'content-type': 'application/json',
94 silly registry.get     'cache-control': 'max-age=0',
94 silly registry.get     'content-length': '473',
94 silly registry.get     'accept-ranges': 'bytes',
94 silly registry.get     via: '1.1 varnish',
94 silly registry.get     age: '0',
94 silly registry.get     'x-served-by': 'cache-ams4142-AMS',
94 silly registry.get     'x-cache': 'MISS',
94 silly registry.get     'x-cache-hits': '0',
94 silly registry.get     'x-timer': 'S1429016671.741272,VS0,VE169',
94 silly registry.get     vary: 'Accept',
94 silly registry.get     'keep-alive': 'timeout=10, max=50',
94 silly registry.get     connection: 'Keep-Alive' } ]
95 silly lockFile 258bded3-generator-project-stub generator-project-stub@
96 silly lockFile 258bded3-generator-project-stub generator-project-stub@
97 http 200 https://registry.npmjs.org/generator-configs/-/generator-configs-0.0.5.tgz
98 silly lockFile cb7316c4-figs-generator-configs-0-0-5-tgz https://registry.npmjs.org/generator-configs/-/generator-configs-0.0.5.tgz
99 silly lockFile cb7316c4-figs-generator-configs-0-0-5-tgz https://registry.npmjs.org/generator-configs/-/generator-configs-0.0.5.tgz
100 silly lockFile a9dc7aa1-generator-configs-0-0-5 generator-configs@0.0.5
101 silly lockFile a9dc7aa1-generator-configs-0-0-5 generator-configs@0.0.5
102 silly lockFile d4c0238d-generator-configs generator-configs@
103 silly lockFile d4c0238d-generator-configs generator-configs@
104 http 200 https://registry.npmjs.org/generator-nm/-/generator-nm-1.1.0.tgz
105 silly lockFile 3a8e84e3-erator-nm-generator-nm-1-1-0-tgz https://registry.npmjs.org/generator-nm/-/generator-nm-1.1.0.tgz
106 silly lockFile 3a8e84e3-erator-nm-generator-nm-1-1-0-tgz https://registry.npmjs.org/generator-nm/-/generator-nm-1.1.0.tgz
107 silly lockFile 171006f9-generator-nm-1-1-0 generator-nm@1.1.0
108 silly lockFile 171006f9-generator-nm-1-1-0 generator-nm@1.1.0
109 silly lockFile e3cb20bb-generator-nm generator-nm@
110 silly lockFile e3cb20bb-generator-nm generator-nm@
111 error 404 Not Found
111 error 404
111 error 404 'generator-project-stub' is not in the npm registry.
111 error 404 You should bug the author to publish it
111 error 404
111 error 404 Note that you can also install from a
111 error 404 tarball, folder, or http url, or git url.
112 error System Darwin 14.3.0
113 error command "/usr/local/bin/node" "/usr/local/bin/npm" "install" "-g" "generator-configs" "generator-nm" "generator-project-stub"
114 error cwd /Users/floatdrop/wrap-middleware
115 error node -v v0.10.35
116 error npm -v 1.4.28
117 error code E404
118 verbose exit [ 1, true ]
